<?xml version="1.0" encoding="UTF-8"?>
<testsuite name="deckOfCardTest.DeckTest" tests="3" skipped="0" failures="0" errors="0" timestamp="2017-02-18T03:03:04" hostname="Weihaos-MacBook-Pro.local" time="0.013">
  <properties/>
  <testcase name="shuffleInHalfWay" classname="deckOfCardTest.DeckTest" time="0.006"/>
  <testcase name="NoShuffle" classname="deckOfCardTest.DeckTest" time="0.004"/>
  <testcase name="shuffle" classname="deckOfCardTest.DeckTest" time="0.003"/>
  <system-out><![CDATA[Shuffle half way part:
0: SPADE Jack
1: DIAMOND Nine
2: CLUB Five
3: CLUB Ten
4: HEART Five
5: DIAMOND Eight
6: DIAMOND Ten
7: SPADE Five
8: HEART Four
9: DIAMOND Seven
10: HEART Queen
11: SPADE Nine
12: SPADE Four
13: DIAMOND Four
14: CLUB Four
15: HEART Seven
16: DIAMOND Jack
17: HEART Ace
18: SPADE Queen
19: HEART Eight
20: CLUB Jack
21: CLUB Ace
22: CLUB King
23: CLUB Seven
24: DIAMOND King
25: SPADE Six
0: SPADE Two
1: HEART Three
2: SPADE King
3: DIAMOND Two
4: DIAMOND Three
5: HEART King
6: CLUB Two
7: CLUB Nine
8: DIAMOND Ace
9: CLUB Three
10: HEART Jack
11: HEART Six
12: DIAMOND Five
13: HEART Two
14: SPADE Ace
15: DIAMOND Queen
16: SPADE Seven
17: CLUB Queen
18: SPADE Eight
19: DIAMOND Six
20: CLUB Six
21: HEART Nine
22: CLUB Eight
23: HEART Ten
24: SPADE Three
25: SPADE Ten
Noshuffle PART:
0: HEART Ace
1: HEART Two
2: HEART Three
3: HEART Four
4: HEART Five
5: HEART Six
6: HEART Seven
7: HEART Eight
8: HEART Nine
9: HEART Ten
10: HEART Jack
11: HEART Queen
12: HEART King
13: SPADE Ace
14: SPADE Two
15: SPADE Three
16: SPADE Four
17: SPADE Five
18: SPADE Six
19: SPADE Seven
20: SPADE Eight
21: SPADE Nine
22: SPADE Ten
23: SPADE Jack
24: SPADE Queen
25: SPADE King
26: CLUB Ace
27: CLUB Two
28: CLUB Three
29: CLUB Four
30: CLUB Five
31: CLUB Six
32: CLUB Seven
33: CLUB Eight
34: CLUB Nine
35: CLUB Ten
36: CLUB Jack
37: CLUB Queen
38: CLUB King
39: DIAMOND Ace
40: DIAMOND Two
41: DIAMOND Three
42: DIAMOND Four
43: DIAMOND Five
44: DIAMOND Six
45: DIAMOND Seven
46: DIAMOND Eight
47: DIAMOND Nine
48: DIAMOND Ten
49: DIAMOND Jack
50: DIAMOND Queen
51: DIAMOND King
SHUFFLE:
0: CLUB King
1: DIAMOND Ace
2: HEART Four
3: DIAMOND Four
4: DIAMOND Two
5: HEART King
6: HEART Ten
7: HEART Six
8: SPADE Queen
9: SPADE Three
10: HEART Five
11: HEART Three
12: HEART Eight
13: SPADE Seven
14: SPADE Two
15: SPADE Jack
16: DIAMOND Jack
17: DIAMOND Eight
18: DIAMOND Seven
19: DIAMOND Six
20: SPADE Ten
21: DIAMOND Queen
22: HEART Seven
23: CLUB Ten
24: HEART Queen
25: DIAMOND King
26: SPADE Nine
27: CLUB Nine
28: DIAMOND Nine
29: HEART Ace
30: CLUB Ace
31: HEART Jack
32: SPADE Five
33: DIAMOND Three
34: CLUB Jack
35: HEART Nine
36: CLUB Three
37: CLUB Four
38: CLUB Queen
39: SPADE Six
40: DIAMOND Five
41: CLUB Eight
42: HEART Two
43: CLUB Seven
44: SPADE King
45: SPADE Eight
46: SPADE Four
47: DIAMOND Ten
48: SPADE Ace
49: CLUB Five
50: CLUB Six
51: CLUB Two
Test finished
]]></system-out>
  <system-err><![CDATA[]]></system-err>
</testsuite>
